Pro/ENGINEER STEP 导入日志文件

读取开始时间: Thu Aug 01 10:42:51 2019

分级文件标题信息

         File Description: 
     Implementation level: 2;1
                     Name: E3\X2\97627F69\X0\
               Time Stamp: 2019-07-15T18:22:44+08:00
                   Author: 
             Organization: 
     Preprocessor Version: ST-DEVELOPER v15
       Originating System: 
            Authorization: 
              File Schema: AUTOMOTIVE_DESIGN


ADVANCED_BREP_SHAPE_REPRESENTATION                     1
ADVANCED_FACE                                         52
APPLICATION_CONTEXT                                    2
APPLICATION_PROTOCOL_DEFINITION                        2
AXIS2_PLACEMENT_3D                                     4
B_SPLINE_CURVE_WITH_KNOTS                            154
B_SPLINE_SURFACE_WITH_KNOTS                           52
CARTESIAN_POINT                                     5855
CLOSED_SHELL                                           1
CONTEXT_DEPENDENT_SHAPE_REPRESENTATION                 1
CONVERSION_BASED_UNIT                                  2
DIMENSIONAL_EXPONENTS                                  2
DIRECTION                                              8
EDGE_CURVE                                           154
EDGE_LOOP                                             52
FACE_OUTER_BOUND                                      52
FILE_DESCRIPTION                                       1
FILE_NAME                                              1
FILE_SCHEMA                                            1
GEOMETRIC_REPRESENTATION_CONTEXT                       2
GLOBAL_UNCERTAINTY_ASSIGNED_CONTEXT                    2
GLOBAL_UNIT_ASSIGNED_CONTEXT                           2
ITEM_DEFINED_TRANSFORMATION                            1
LENGTH_UNIT                                            2
MANIFOLD_SOLID_BREP                                    1
NAMED_UNIT                                             8
NEXT_ASSEMBLY_USAGE_OCCURRENCE                         1
ORIENTED_EDGE                                        308
PLANE_ANGLE_MEASURE_WITH_UNIT                          2
PLANE_ANGLE_UNIT                                       4
PRESENTATION_LAYER_ASSIGNMENT                          1
PRODUCT                                                2
PRODUCT_CONTEXT                                        2
PRODUCT_DEFINITION                                     2
PRODUCT_DEFINITION_CONTEXT                             2
PRODUCT_DEFINITION_FORMATION_WITH_SPECIFIED_SOURCE     2
PRODUCT_DEFINITION_SHAPE                               3
PRODUCT_RELATED_PRODUCT_CATEGORY                       2
REPRESENTATION_CONTEXT                                 2
REPRESENTATION_RELATIONSHIP                            1
REPRESENTATION_RELATIONSHIP_WITH_TRANSFORMATION        1
SHAPE_DEFINITION_REPRESENTATION                        2
SHAPE_REPRESENTATION                                   2
SHAPE_REPRESENTATION_RELATIONSHIP                      2
SI_UNIT                                                6
SOLID_ANGLE_UNIT                                       2
UNCERTAINTY_MEASURE_WITH_UNIT                          2
VERTEX_POINT                                         102

TOTAL                                               6868


读取结束时间: Thu Aug 01 10:42:52 2019

全部读取时间: 00:00:01.



模型的处理信息 _E3___1_:

处理完成时间: Thu Aug 01 10:42:52 2019

全部处理时间: 00:00:00.


模型的处理信息 Document_A:

处理完成时间: Thu Aug 01 10:42:52 2019

全部处理时间: 00:00:00.


模型的处理信息 E3-TPU-PORON_A:

处理完成时间: Thu Aug 01 10:42:52 2019

全部处理时间: 00:00:00.
