Pro/ENGINEER STEP 导入日志文件

读取开始时间: Tue Aug 13 12:11:46 2019

分级文件标题信息

         File Description: 
     Implementation level: 2;1
                     Name: BRACE-FAN_ASM
               Time Stamp: 2019-08-12T
                   Author: Administrator
             Organization: 
     Preprocessor Version: PRO/ENGINEER BY PARAMETRIC TECHNOLOGY CORPORATION, 2008380
       Originating System: PRO/ENGINEER BY PARAMETRIC TECHNOLOGY CORPORATION, 2008380
            Authorization: 
              File Schema: CONFIG_CONTROL_DESIGN


ADVANCED_BREP_SHAPE_REPRESENTATION                     1
ADVANCED_FACE                                         19
APPLICATION_CONTEXT                                    1
APPLICATION_PROTOCOL_DEFINITION                        1
APPROVAL                                               1
APPROVAL_DATE_TIME                                     1
APPROVAL_PERSON_ORGANIZATION                           1
APPROVAL_ROLE                                          1
APPROVAL_STATUS                                        1
AXIS1_PLACEMENT                                        2
AXIS2_PLACEMENT_3D                                    59
B_SPLINE_CURVE_WITH_KNOTS                              4
CALENDAR_DATE                                          1
CARTESIAN_POINT                                      118
CC_DESIGN_APPROVAL                                     1
CC_DESIGN_DATE_AND_TIME_ASSIGNMENT                     2
CC_DESIGN_PERSON_AND_ORGANIZATION_ASSIGNMENT           4
CC_DESIGN_SECURITY_CLASSIFICATION                      1
CIRCLE                                                36
CLOSED_SHELL                                           1
CONTEXT_DEPENDENT_SHAPE_REPRESENTATION                 2
CONVERSION_BASED_UNIT                                  3
COORDINATED_UNIVERSAL_TIME_OFFSET                      1
CYLINDRICAL_SURFACE                                    6
DATE_AND_TIME                                          1
DATE_TIME_ROLE                                         2
DESIGN_CONTEXT                                         2
DIMENSIONAL_EXPONENTS                                  3
DIRECTION                                            126
EDGE_CURVE                                            44
EDGE_LOOP                                             21
FACE_BOUND                                             2
FACE_OUTER_BOUND                                      19
FILE_DESCRIPTION                                       1
FILE_NAME                                              1
FILE_SCHEMA                                            1
GEOMETRIC_REPRESENTATION_CONTEXT                       3
GLOBAL_UNCERTAINTY_ASSIGNED_CONTEXT                    3
GLOBAL_UNIT_ASSIGNED_CONTEXT                           3
ITEM_DEFINED_TRANSFORMATION                            2
LENGTH_UNIT                                            3
LINE                                                   6
LOCAL_TIME                                             1
MANIFOLD_SOLID_BREP                                    1
MECHANICAL_CONTEXT                                     3
NAMED_UNIT                                            12
NEXT_ASSEMBLY_USAGE_OCCURRENCE                         2
ORGANIZATION                                           1
ORIENTED_EDGE                                         88
PERSON                                                 1
PERSON_AND_ORGANIZATION                                1
PERSON_AND_ORGANIZATION_ROLE                           4
PLANE                                                  3
PLANE_ANGLE_MEASURE_WITH_UNIT                          3
PLANE_ANGLE_UNIT                                       6
PRODUCT                                                3
PRODUCT_CATEGORY                                       2
PRODUCT_CATEGORY_RELATIONSHIP                          2
PRODUCT_DEFINITION                                     3
PRODUCT_DEFINITION_FORMATION_WITH_SPECIFIED_SOURCE     3
PRODUCT_DEFINITION_SHAPE                               5
PRODUCT_RELATED_PRODUCT_CATEGORY                       2
REPRESENTATION_CONTEXT                                 3
REPRESENTATION_RELATIONSHIP                            2
REPRESENTATION_RELATIONSHIP_WITH_TRANSFORMATION        2
SECURITY_CLASSIFICATION                                1
SECURITY_CLASSIFICATION_LEVEL                          1
SHAPE_DEFINITION_REPRESENTATION                        3
SHAPE_REPRESENTATION                                   2
SHAPE_REPRESENTATION_RELATIONSHIP                      2
SI_UNIT                                                9
SOLID_ANGLE_UNIT                                       3
SPHERICAL_SURFACE                                      2
SURFACE_OF_REVOLUTION                                  2
TOROIDAL_SURFACE                                       6
UNCERTAINTY_MEASURE_WITH_UNIT                          3
VECTOR                                                 6
VERTEX_POINT                                          29

TOTAL                                                733


读取结束时间: Tue Aug 13 12:11:46 2019

全部读取时间: 00:00:00.



模型的处理信息 _nail-fan:

处理完成时间: Tue Aug 13 12:11:46 2019

全部处理时间: 00:00:00.


模型的处理信息 BRACE-FAN_ASM:

处理完成时间: Tue Aug 13 12:11:46 2019

全部处理时间: 00:00:00.


模型的处理信息 00-0001_23_ASM:

处理完成时间: Tue Aug 13 12:11:46 2019

全部处理时间: 00:00:00.


模型的处理信息 000_3:

处理完成时间: Tue Aug 13 12:11:46 2019

全部处理时间: 00:00:00.
