Pro/ENGINEER STEP 导入日志文件

读取开始时间: Mon May 20 14:55:53 2019

分级文件标题信息

         File Description: 
     Implementation level: 2;1
                     Name: X20L-DD-1030_ASM
               Time Stamp: 2018-10-30T
                   Author: Administrator
             Organization: 
     Preprocessor Version: PRO/ENGINEER BY PARAMETRIC TECHNOLOGY CORPORATION, 2010020
       Originating System: PRO/ENGINEER BY PARAMETRIC TECHNOLOGY CORPORATION, 2010020
            Authorization: 
              File Schema: CONFIG_CONTROL_DESIGN


ADVANCED_BREP_SHAPE_REPRESENTATION                   276
ADVANCED_FACE                                      23254
APPLICATION_CONTEXT                                    1
APPLICATION_PROTOCOL_DEFINITION                        1
APPROVAL                                               1
APPROVAL_DATE_TIME                                     1
APPROVAL_PERSON_ORGANIZATION                           1
APPROVAL_ROLE                                          1
APPROVAL_STATUS                                        1
AXIS1_PLACEMENT                                        8
AXIS2_PLACEMENT_3D                                 39975
BOUNDED_SURFACE                                      101
BREP_WITH_VOIDS                                        3
B_SPLINE_CURVE_WITH_KNOTS                           2703
B_SPLINE_SURFACE                                     101
B_SPLINE_SURFACE_WITH_KNOTS                          569
CALENDAR_DATE                                          1
CARTESIAN_POINT                                   184555
CC_DESIGN_APPROVAL                                     1
CC_DESIGN_DATE_AND_TIME_ASSIGNMENT                     2
CC_DESIGN_PERSON_AND_ORGANIZATION_ASSIGNMENT           4
CC_DESIGN_SECURITY_CLASSIFICATION                      1
CIRCLE                                             14172
CLOSED_SHELL                                         282
CONICAL_SURFACE                                      152
CONTEXT_DEPENDENT_SHAPE_REPRESENTATION              1408
CONVERSION_BASED_UNIT                                435
COORDINATED_UNIVERSAL_TIME_OFFSET                      1
CYLINDRICAL_SURFACE                                 6603
DATE_AND_TIME                                          1
DATE_TIME_ROLE                                         2
DESIGN_CONTEXT                                       162
DIMENSIONAL_EXPONENTS                                435
DIRECTION                                         131835
EDGE_CURVE                                         68712
EDGE_LOOP                                          24092
FACE_BOUND                                           838
FACE_OUTER_BOUND                                   23254
FILE_DESCRIPTION                                       1
FILE_NAME                                              1
FILE_SCHEMA                                            1
GEOMETRIC_REPRESENTATION_CONTEXT                     323
GEOMETRIC_REPRESENTATION_ITEM                        101
GLOBAL_UNCERTAINTY_ASSIGNED_CONTEXT                  323
GLOBAL_UNIT_ASSIGNED_CONTEXT                         323
ITEM_DEFINED_TRANSFORMATION                         1408
LENGTH_MEASURE_WITH_UNIT                             112
LENGTH_UNIT                                          435
LINE                                               51861
LOCAL_TIME                                             1
MANIFOLD_SOLID_BREP                                  273
MANIFOLD_SURFACE_SHAPE_REPRESENTATION                  6
MECHANICAL_CONTEXT                                   323
NAMED_UNIT                                          1404
NEXT_ASSEMBLY_USAGE_OCCURRENCE                      1408
OPEN_SHELL                                             7
ORGANIZATION                                           1
ORIENTED_CLOSED_SHELL                                  6
ORIENTED_EDGE                                     137374
PERSON                                                 1
PERSON_AND_ORGANIZATION                                1
PERSON_AND_ORGANIZATION_ROLE                           4
PLANE                                              15602
PLANE_ANGLE_MEASURE_WITH_UNIT                        323
PLANE_ANGLE_UNIT                                     646
PRODUCT                                              323
PRODUCT_CATEGORY                                       2
PRODUCT_CATEGORY_RELATIONSHIP                          2
PRODUCT_DEFINITION                                   323
PRODUCT_DEFINITION_FORMATION_WITH_SPECIFIED_SOURCE   323
PRODUCT_DEFINITION_SHAPE                            1731
PRODUCT_RELATED_PRODUCT_CATEGORY                       2
RATIONAL_B_SPLINE_SURFACE                            101
REPRESENTATION_CONTEXT                               323
REPRESENTATION_ITEM                                  101
REPRESENTATION_RELATIONSHIP                         1408
REPRESENTATION_RELATIONSHIP_WITH_TRANSFORMATION     1408
SECURITY_CLASSIFICATION                                1
SECURITY_CLASSIFICATION_LEVEL                          1
SHAPE_DEFINITION_REPRESENTATION                      323
SHAPE_REPRESENTATION                                  45
SHAPE_REPRESENTATION_RELATIONSHIP                   1412
SHELL_BASED_SURFACE_MODEL                              6
SI_UNIT                                              969
SOLID_ANGLE_UNIT                                     323
SPHERICAL_SURFACE                                    126
SURFACE                                              101
SURFACE_OF_LINEAR_EXTRUSION                           16
SURFACE_OF_REVOLUTION                                  8
TOROIDAL_SURFACE                                     178
UNCERTAINTY_MEASURE_WITH_UNIT                        323
VECTOR                                             51877
VERTEX_POINT                                       45123

TOTAL                                             843093


读取结束时间: Mon May 20 14:55:57 2019

全部读取时间: 00:00:04.



模型的处理信息 _x20l-DD-1030:

处理完成时间: Mon May 20 14:56:03 2019

全部处理时间: 00:00:06.


模型的处理信息 X20L-DD-1030_ASM:

处理完成时间: Mon May 20 14:56:03 2019

全部处理时间: 00:00:00.


模型的处理信息 X20L-J10-ALL_ASM_38_ASM:

处理完成时间: Mon May 20 14:56:04 2019

全部处理时间: 00:00:01.


模型的处理信息 800-1280-LCD_1:

处理完成时间: Mon May 20 14:56:04 2019

全部处理时间: 00:00:00.


模型的处理信息 1200-1920SX_1:

处理完成时间: Mon May 20 14:56:04 2019

全部处理时间: 00:00:00.


模型的处理信息 X20L-J10-TP_6:

处理完成时间: Mon May 20 14:56:04 2019

全部处理时间: 00:00:00.


模型的处理信息 X20L-PCBA_ASM_1_ASM:

处理完成时间: Mon May 20 14:56:05 2019

全部处理时间: 00:00:01.


模型的处理信息 X20L-PCB_ASM_24_ASM_1_ASM:

处理完成时间: Mon May 20 14:56:05 2019

全部处理时间: 00:00:00.


模型的处理信息 X980-PCB_18_1:

处理完成时间: Mon May 20 14:56:05 2019

全部处理时间: 00:00:00.


模型的处理信息 J941-R05GA-WZL2_ASM_2_ASM_ASM_1:

处理完成时间: Mon May 20 14:56:06 2019

全部处理时间: 00:00:00.


模型的处理信息 ASM0008_ASM_1_ASM_ASM_1_ASM_1_A:

处理完成时间: Mon May 20 14:56:06 2019

全部处理时间: 00:00:00.


模型的处理信息 ________1_1__1_1_1:

处理完成时间: Mon May 20 14:56:06 2019

全部处理时间: 00:00:00.


模型的处理信息 ________1_5__1_1_1:

处理完成时间: Mon May 20 14:56:06 2019

全部处理时间: 00:00:00.


模型的处理信息 ________1_4__1_1_1:

处理完成时间: Mon May 20 14:56:06 2019

全部处理时间: 00:00:00.


模型的处理信息 ________1_6__1_1_1:

处理完成时间: Mon May 20 14:56:06 2019

全部处理时间: 00:00:00.


模型的处理信息 ________1_3__1_1_1:

处理完成时间: Mon May 20 14:56:06 2019

全部处理时间: 00:00:00.


模型的处理信息 ________1_2__3_1_1:

处理完成时间: Mon May 20 14:56:06 2019

全部处理时间: 00:00:00.


模型的处理信息 PLUG_1_1_1:

处理完成时间: Mon May 20 14:56:06 2019

全部处理时间: 00:00:00.


模型的处理信息 _TYPE_C_12P___SMT___0_8CONN_3_A:

处理完成时间: Mon May 20 14:56:07 2019

全部处理时间: 00:00:00.


模型的处理信息 MANIFOLD_SOLID_BREP_69998_1:

处理完成时间: Mon May 20 14:56:08 2019

全部处理时间: 00:00:01.


模型的处理信息 MANIFOLD_SOLID_BREP_70774_1:

处理完成时间: Mon May 20 14:56:08 2019

全部处理时间: 00:00:00.


模型的处理信息 __TYPE_C_12P___SMT___0_8CONN_3_:

处理完成时间: Mon May 20 14:56:08 2019

全部处理时间: 00:00:00.


模型的处理信息 0515-45P_1_1_1:

处理完成时间: Mon May 20 14:56:15 2019

全部处理时间: 00:00:06.


模型的处理信息 _ECF051006G-L_3_ASM_1_ASM:

处理完成时间: Mon May 20 14:56:17 2019

全部处理时间: 00:00:00.


模型的处理信息 BREP_WITH_VOIDS_223470_1:

处理完成时间: Mon May 20 14:56:18 2019

全部处理时间: 00:00:01.


模型的处理信息 MANIFOLD_SOLID_BREP_223872_1:

处理完成时间: Mon May 20 14:56:18 2019

全部处理时间: 00:00:00.


模型的处理信息 MANIFOLD_SOLID_BREP_224274_1:

处理完成时间: Mon May 20 14:56:18 2019

全部处理时间: 00:00:00.


模型的处理信息 MANIFOLD_SOLID_BREP_224676_1:

处理完成时间: Mon May 20 14:56:18 2019

全部处理时间: 00:00:00.


模型的处理信息 MANIFOLD_SOLID_BREP_225078_1:

处理完成时间: Mon May 20 14:56:18 2019

全部处理时间: 00:00:00.


模型的处理信息 MANIFOLD_SOLID_BREP_225480_1:

处理完成时间: Mon May 20 14:56:18 2019

全部处理时间: 00:00:00.


模型的处理信息 MANIFOLD_SOLID_BREP_225882_1:

处理完成时间: Mon May 20 14:56:18 2019

全部处理时间: 00:00:00.


模型的处理信息 __ECF051006G-L_3_1:

处理完成时间: Mon May 20 14:56:18 2019

全部处理时间: 00:00:00.


模型的处理信息 THD0310-39CL-GFP_ASM_1_ASM_1_AS:

处理完成时间: Mon May 20 14:56:18 2019

全部处理时间: 00:00:00.


模型的处理信息 01-031301-LOGO_ANY_ASM_1_ASM_1_:

处理完成时间: Mon May 20 14:56:18 2019

全部处理时间: 00:00:00.


模型的处理信息 C2_ANY_1_1:

处理完成时间: Mon May 20 14:56:18 2019

全部处理时间: 00:00:00.


模型的处理信息 C1_ANY_1_1:

处理完成时间: Mon May 20 14:56:18 2019

全部处理时间: 00:00:00.


模型的处理信息 LEG2_ANY_ASM_1_ASM_1_ASM:

处理完成时间: Mon May 20 14:56:19 2019

全部处理时间: 00:00:01.


模型的处理信息 NONE-50722_1_1:

处理完成时间: Mon May 20 14:56:19 2019

全部处理时间: 00:00:00.


模型的处理信息 NONE-51218_1_1:

处理完成时间: Mon May 20 14:56:19 2019

全部处理时间: 00:00:00.


模型的处理信息 A-39PIN_ANY_1_1:

处理完成时间: Mon May 20 14:56:19 2019

全部处理时间: 00:00:00.


模型的处理信息 HOUSING-39PIN_ANY_1_1:

处理完成时间: Mon May 20 14:56:20 2019

全部处理时间: 00:00:01.


模型的处理信息 LEG1_ANY_ASM_1_ASM_1_ASM:

处理完成时间: Mon May 20 14:56:20 2019

全部处理时间: 00:00:00.


模型的处理信息 NONE-296_1_1:

处理完成时间: Mon May 20 14:56:20 2019

全部处理时间: 00:00:00.


模型的处理信息 NONE-53002_1_1:

处理完成时间: Mon May 20 14:56:20 2019

全部处理时间: 00:00:00.


模型的处理信息 _ECF051006G-L0PIN_ASM_1_ASM_1_A:

处理完成时间: Mon May 20 14:56:21 2019

全部处理时间: 00:00:00.


模型的处理信息 _ECF051006G-L_1_ASM_1_ASM_1_ASM:

处理完成时间: Mon May 20 14:56:21 2019

全部处理时间: 00:00:00.


模型的处理信息 BREP_WITH_VOIDS_19531_2_1:

处理完成时间: Mon May 20 14:56:21 2019

全部处理时间: 00:00:00.


模型的处理信息 MANIFOLD_SOLID_BREP_19933_1_1:

处理完成时间: Mon May 20 14:56:21 2019

全部处理时间: 00:00:00.


模型的处理信息 MANIFOLD_SOLID_BREP_20335_1_1:

处理完成时间: Mon May 20 14:56:21 2019

全部处理时间: 00:00:00.


模型的处理信息 MANIFOLD_SOLID_BREP_20737_1_1:

处理完成时间: Mon May 20 14:56:21 2019

全部处理时间: 00:00:00.


模型的处理信息 MANIFOLD_SOLID_BREP_21139_1_1:

处理完成时间: Mon May 20 14:56:21 2019

全部处理时间: 00:00:00.


模型的处理信息 MANIFOLD_SOLID_BREP_21541_1_1:

处理完成时间: Mon May 20 14:56:21 2019

全部处理时间: 00:00:00.


模型的处理信息 MANIFOLD_SOLID_BREP_21866_1_1:

处理完成时间: Mon May 20 14:56:21 2019

全部处理时间: 00:00:00.


模型的处理信息 MANIFOLD_SOLID_BREP_22191_1_1:

处理完成时间: Mon May 20 14:56:21 2019

全部处理时间: 00:00:00.


模型的处理信息 MANIFOLD_SOLID_BREP_22516_1_1:

处理完成时间: Mon May 20 14:56:21 2019

全部处理时间: 00:00:00.


模型的处理信息 MANIFOLD_SOLID_BREP_22841_1_1:

处理完成时间: Mon May 20 14:56:22 2019

全部处理时间: 00:00:00.


模型的处理信息 MANIFOLD_SOLID_BREP_23166_1_1:

处理完成时间: Mon May 20 14:56:22 2019

全部处理时间: 00:00:00.


模型的处理信息 ECF051006G-8PIN_2_ASM_1_ASM:

处理完成时间: Mon May 20 14:56:22 2019

全部处理时间: 00:00:00.


模型的处理信息 BREP_WITH_VOIDS_333740_1:

处理完成时间: Mon May 20 14:56:22 2019

全部处理时间: 00:00:00.


模型的处理信息 MANIFOLD_SOLID_BREP_334142_1:

处理完成时间: Mon May 20 14:56:22 2019

全部处理时间: 00:00:00.


模型的处理信息 MANIFOLD_SOLID_BREP_334544_1:

处理完成时间: Mon May 20 14:56:22 2019

全部处理时间: 00:00:00.


模型的处理信息 MANIFOLD_SOLID_BREP_334946_1:

处理完成时间: Mon May 20 14:56:22 2019

全部处理时间: 00:00:00.


模型的处理信息 MANIFOLD_SOLID_BREP_335348_1:

处理完成时间: Mon May 20 14:56:22 2019

全部处理时间: 00:00:00.


模型的处理信息 MANIFOLD_SOLID_BREP_335673_1:

处理完成时间: Mon May 20 14:56:22 2019

全部处理时间: 00:00:00.


模型的处理信息 MANIFOLD_SOLID_BREP_335998_1:

处理完成时间: Mon May 20 14:56:22 2019

全部处理时间: 00:00:00.


模型的处理信息 MANIFOLD_SOLID_BREP_336323_1:

处理完成时间: Mon May 20 14:56:23 2019

全部处理时间: 00:00:01.


模型的处理信息 MANIFOLD_SOLID_BREP_336648_1:

处理完成时间: Mon May 20 14:56:23 2019

全部处理时间: 00:00:00.


模型的处理信息 _ECF051006G-8PIN_2_1:

处理完成时间: Mon May 20 14:56:23 2019

全部处理时间: 00:00:00.


模型的处理信息 _BL102-21P_1_1:

处理完成时间: Mon May 20 14:56:25 2019

全部处理时间: 00:00:02.


模型的处理信息 CFPC0310-4139RL-TAG_ASM_1_ASM_2:

处理完成时间: Mon May 20 14:56:26 2019

全部处理时间: 00:00:00.


模型的处理信息 1111_AF0_ASM_1_ASM_1_ASM_1_ASM:

处理完成时间: Mon May 20 14:56:27 2019

全部处理时间: 00:00:01.


模型的处理信息 ASM0122_AF3_ASM_5_ASM_1_ASM_1_A:

处理完成时间: Mon May 20 14:56:27 2019

全部处理时间: 00:00:00.


模型的处理信息 PRT0720_AF3_5_1_1:

处理完成时间: Mon May 20 14:56:27 2019

全部处理时间: 00:00:00.


模型的处理信息 PRT0722_AF1_4_1_1:

处理完成时间: Mon May 20 14:56:27 2019

全部处理时间: 00:00:00.


模型的处理信息 PRT0723_AF3_4_1_1:

处理完成时间: Mon May 20 14:56:27 2019

全部处理时间: 00:00:00.


模型的处理信息 PRT0726_4_1_1:

处理完成时间: Mon May 20 14:56:27 2019

全部处理时间: 00:00:00.


模型的处理信息 PRT0727_4_1_1:

处理完成时间: Mon May 20 14:56:27 2019

全部处理时间: 00:00:00.


模型的处理信息 PRT0728_4_1_1:

处理完成时间: Mon May 20 14:56:27 2019

全部处理时间: 00:00:00.


模型的处理信息 PRT0729_4_1_1:

处理完成时间: Mon May 20 14:56:28 2019

全部处理时间: 00:00:01.


模型的处理信息 PRT0730_4_1_1:

处理完成时间: Mon May 20 14:56:28 2019

全部处理时间: 00:00:00.


模型的处理信息 PRT0731_4_1_1:

处理完成时间: Mon May 20 14:56:28 2019

全部处理时间: 00:00:00.


模型的处理信息 PRT0732_4_1_1:

处理完成时间: Mon May 20 14:56:28 2019

全部处理时间: 00:00:00.


模型的处理信息 PRT0733_4_1_1:

处理完成时间: Mon May 20 14:56:28 2019

全部处理时间: 00:00:00.


模型的处理信息 PRT0734_4_1_1:

处理完成时间: Mon May 20 14:56:28 2019

全部处理时间: 00:00:00.


模型的处理信息 PRT0735_AF1_4_1_1:

处理完成时间: Mon May 20 14:56:28 2019

全部处理时间: 00:00:00.


模型的处理信息 PRT0736_AF0_4_1_1:

处理完成时间: Mon May 20 14:56:28 2019

全部处理时间: 00:00:00.


模型的处理信息 PRT0737_4_1_1:

处理完成时间: Mon May 20 14:56:28 2019

全部处理时间: 00:00:00.


模型的处理信息 PRT0738_4_1_1:

处理完成时间: Mon May 20 14:56:29 2019

全部处理时间: 00:00:01.


模型的处理信息 PRT0739_4_1_1:

处理完成时间: Mon May 20 14:56:29 2019

全部处理时间: 00:00:00.


模型的处理信息 PRT0740_4_1_1:

处理完成时间: Mon May 20 14:56:29 2019

全部处理时间: 00:00:00.


模型的处理信息 PRT0741_4_1_1:

处理完成时间: Mon May 20 14:56:29 2019

全部处理时间: 00:00:00.


模型的处理信息 PRT0742_4_1_1:

处理完成时间: Mon May 20 14:56:29 2019

全部处理时间: 00:00:00.


模型的处理信息 PRT0747_4_1_1:

处理完成时间: Mon May 20 14:56:29 2019

全部处理时间: 00:00:00.


模型的处理信息 ASM0123_AF2_ASM_4_ASM_1_ASM_1_A:

处理完成时间: Mon May 20 14:56:29 2019

全部处理时间: 00:00:00.


模型的处理信息 PRT0749_4_1_1:

处理完成时间: Mon May 20 14:56:29 2019

全部处理时间: 00:00:00.


模型的处理信息 PRT0750_4_1_1:

处理完成时间: Mon May 20 14:56:29 2019

全部处理时间: 00:00:00.


模型的处理信息 PRT0751_4_1_1:

处理完成时间: Mon May 20 14:56:29 2019

全部处理时间: 00:00:00.


模型的处理信息 PRT0752_4_1_1:

处理完成时间: Mon May 20 14:56:29 2019

全部处理时间: 00:00:00.


模型的处理信息 PRT0753_4_1_1:

处理完成时间: Mon May 20 14:56:29 2019

全部处理时间: 00:00:00.


模型的处理信息 PRT0754_4_1_1:

处理完成时间: Mon May 20 14:56:29 2019

全部处理时间: 00:00:00.


模型的处理信息 PRT0755_4_1_1:

处理完成时间: Mon May 20 14:56:29 2019

全部处理时间: 00:00:00.


模型的处理信息 PRT0756_4_1_1:

处理完成时间: Mon May 20 14:56:29 2019

全部处理时间: 00:00:00.


模型的处理信息 PRT0757_4_1_1:

处理完成时间: Mon May 20 14:56:29 2019

全部处理时间: 00:00:00.


模型的处理信息 PRT0762_4_1_1:

处理完成时间: Mon May 20 14:56:29 2019

全部处理时间: 00:00:00.


模型的处理信息 PRT0763_4_1_1:

处理完成时间: Mon May 20 14:56:29 2019

全部处理时间: 00:00:00.


模型的处理信息 PRT0764_4_1_1:

处理完成时间: Mon May 20 14:56:30 2019

全部处理时间: 00:00:01.


模型的处理信息 PRT0765_4_1_1:

处理完成时间: Mon May 20 14:56:30 2019

全部处理时间: 00:00:00.


模型的处理信息 PRT0766_4_1_1:

处理完成时间: Mon May 20 14:56:30 2019

全部处理时间: 00:00:00.


模型的处理信息 PRT0767_4_1_1:

处理完成时间: Mon May 20 14:56:30 2019

全部处理时间: 00:00:00.


模型的处理信息 PRT0768_4_1_1:

处理完成时间: Mon May 20 14:56:30 2019

全部处理时间: 00:00:00.


模型的处理信息 PRT0769_4_1_1:

处理完成时间: Mon May 20 14:56:30 2019

全部处理时间: 00:00:00.


模型的处理信息 PRT0770_AF1_4_1_1:

处理完成时间: Mon May 20 14:56:30 2019

全部处理时间: 00:00:00.


模型的处理信息 PRT0774_4_1_1:

处理完成时间: Mon May 20 14:56:30 2019

全部处理时间: 00:00:00.


模型的处理信息 CFPC0310-39RL-TAG_ASM_ASM_1_ASM:

处理完成时间: Mon May 20 14:56:30 2019

全部处理时间: 00:00:00.


模型的处理信息 CFPC0310-39RL-TAG_ASM_1_AF0_ASM:

处理完成时间: Mon May 20 14:56:30 2019

全部处理时间: 00:00:00.


模型的处理信息 515_ASM_2_AF0_ASM_1_ASM_1_ASM_1:

处理完成时间: Mon May 20 14:56:30 2019

全部处理时间: 00:00:00.


模型的处理信息 ASM0122_AF0_ASM_5_AF0_ASM_1_ASM:

处理完成时间: Mon May 20 14:56:30 2019

全部处理时间: 00:00:00.


模型的处理信息 PRT0720_AF0_5_AF0_1_1_1:

处理完成时间: Mon May 20 14:56:30 2019

全部处理时间: 00:00:00.


模型的处理信息 PRT0723_AF0_4_AF0_1_1_1:

处理完成时间: Mon May 20 14:56:30 2019

全部处理时间: 00:00:00.


模型的处理信息 PRT0726_4_1_1_1:

处理完成时间: Mon May 20 14:56:30 2019

全部处理时间: 00:00:00.


模型的处理信息 PRT0727_4_1_1_1:

处理完成时间: Mon May 20 14:56:30 2019

全部处理时间: 00:00:00.


模型的处理信息 PRT0728_4_1_1_1:

处理完成时间: Mon May 20 14:56:31 2019

全部处理时间: 00:00:01.


模型的处理信息 PRT0729_4_1_1_1:

处理完成时间: Mon May 20 14:56:31 2019

全部处理时间: 00:00:00.


模型的处理信息 PRT0730_4_1_1_1:

处理完成时间: Mon May 20 14:56:31 2019

全部处理时间: 00:00:00.


模型的处理信息 PRT0731_4_1_1_1:

处理完成时间: Mon May 20 14:56:31 2019

全部处理时间: 00:00:00.


模型的处理信息 PRT0737_4_1_1_1:

处理完成时间: Mon May 20 14:56:31 2019

全部处理时间: 00:00:00.


模型的处理信息 PRT0738_4_1_1_1:

处理完成时间: Mon May 20 14:56:31 2019

全部处理时间: 00:00:00.


模型的处理信息 PRT0739_4_1_1_1:

处理完成时间: Mon May 20 14:56:31 2019

全部处理时间: 00:00:00.


模型的处理信息 PRT0740_4_1_1_1:

处理完成时间: Mon May 20 14:56:31 2019

全部处理时间: 00:00:00.


模型的处理信息 PRT0741_4_1_1_1:

处理完成时间: Mon May 20 14:56:31 2019

全部处理时间: 00:00:00.


模型的处理信息 PRT0742_4_1_1_1:

处理完成时间: Mon May 20 14:56:32 2019

全部处理时间: 00:00:01.


模型的处理信息 ASM0123_AF0_ASM_4_AF0_ASM_1_ASM:

处理完成时间: Mon May 20 14:56:32 2019

全部处理时间: 00:00:00.


模型的处理信息 PRT0752_4_AF0_1_1_1:

处理完成时间: Mon May 20 14:56:32 2019

全部处理时间: 00:00:00.


模型的处理信息 PRT0753_4_1_1_1:

处理完成时间: Mon May 20 14:56:32 2019

全部处理时间: 00:00:00.


模型的处理信息 PRT0754_4_1_1_1:

处理完成时间: Mon May 20 14:56:32 2019

全部处理时间: 00:00:00.


模型的处理信息 PRT0755_4_1_1_1:

处理完成时间: Mon May 20 14:56:32 2019

全部处理时间: 00:00:00.


模型的处理信息 PRT0756_4_1_1_1:

处理完成时间: Mon May 20 14:56:32 2019

全部处理时间: 00:00:00.


模型的处理信息 PRT0757_4_1_1_1:

处理完成时间: Mon May 20 14:56:32 2019

全部处理时间: 00:00:00.


模型的处理信息 PRT0765_4_1_1_1:

处理完成时间: Mon May 20 14:56:32 2019

全部处理时间: 00:00:00.


模型的处理信息 PRT0766_4_1_1_1:

处理完成时间: Mon May 20 14:56:32 2019

全部处理时间: 00:00:00.


模型的处理信息 PRT0767_4_1_1_1:

处理完成时间: Mon May 20 14:56:32 2019

全部处理时间: 00:00:00.


模型的处理信息 PRT0768_4_1_1_1:

处理完成时间: Mon May 20 14:56:32 2019

全部处理时间: 00:00:00.


模型的处理信息 PRT0769_4_1_1_1:

处理完成时间: Mon May 20 14:56:32 2019

全部处理时间: 00:00:00.


模型的处理信息 PRT0770_AF0_4_1_1_1:

处理完成时间: Mon May 20 14:56:32 2019

全部处理时间: 00:00:00.


模型的处理信息 514_ASM_2_ASM_1_ASM_1_ASM_1_ASM:

处理完成时间: Mon May 20 14:56:32 2019

全部处理时间: 00:00:00.


模型的处理信息 ASM0122_AF1_ASM_5_ASM_1_ASM_1_A:

处理完成时间: Mon May 20 14:56:32 2019

全部处理时间: 00:00:00.


模型的处理信息 PRT0720_AF1_5_1_1_1:

处理完成时间: Mon May 20 14:56:32 2019

全部处理时间: 00:00:00.


模型的处理信息 PRT0721_4_1_1_1:

处理完成时间: Mon May 20 14:56:32 2019

全部处理时间: 00:00:00.


模型的处理信息 PRT0723_AF1_4_1_1_1:

处理完成时间: Mon May 20 14:56:33 2019

全部处理时间: 00:00:01.


模型的处理信息 PRT0724_4_1_1_1:

处理完成时间: Mon May 20 14:56:33 2019

全部处理时间: 00:00:00.


模型的处理信息 PRT0725_4_1_1_1:

处理完成时间: Mon May 20 14:56:33 2019

全部处理时间: 00:00:00.


模型的处理信息 PRT0732_4_1_1_1:

处理完成时间: Mon May 20 14:56:33 2019

全部处理时间: 00:00:00.


模型的处理信息 PRT0736_4_1_1_1:

处理完成时间: Mon May 20 14:56:33 2019

全部处理时间: 00:00:00.


模型的处理信息 PRT0743_4_1_1_1:

处理完成时间: Mon May 20 14:56:33 2019

全部处理时间: 00:00:00.


模型的处理信息 PRT0744_4_1_1_1:

处理完成时间: Mon May 20 14:56:33 2019

全部处理时间: 00:00:00.


模型的处理信息 PRT0745_4_1_1_1:

处理完成时间: Mon May 20 14:56:33 2019

全部处理时间: 00:00:00.


模型的处理信息 PRT0746_4_1_1_1:

处理完成时间: Mon May 20 14:56:34 2019

全部处理时间: 00:00:00.


模型的处理信息 PRT0748_4_1_1_1:

处理完成时间: Mon May 20 14:56:34 2019

全部处理时间: 00:00:00.


模型的处理信息 ASM0123_AF1_ASM_4_ASM_1_ASM_1_A:

处理完成时间: Mon May 20 14:56:34 2019

全部处理时间: 00:00:00.


模型的处理信息 PRT0751_AF0_4_1_1_1:

处理完成时间: Mon May 20 14:56:34 2019

全部处理时间: 00:00:00.


模型的处理信息 PRT0752_4_1_1_1:

处理完成时间: Mon May 20 14:56:34 2019

全部处理时间: 00:00:00.


模型的处理信息 PRT0758_4_1_1_1:

处理完成时间: Mon May 20 14:56:34 2019

全部处理时间: 00:00:00.


模型的处理信息 PRT0759_4_1_1_1:

处理完成时间: Mon May 20 14:56:34 2019

全部处理时间: 00:00:00.


模型的处理信息 PRT0760_4_1_1_1:

处理完成时间: Mon May 20 14:56:34 2019

全部处理时间: 00:00:00.


模型的处理信息 PRT0761_4_1_1_1:

处理完成时间: Mon May 20 14:56:34 2019

全部处理时间: 00:00:00.


模型的处理信息 PRT0764_4_1_1_1:

处理完成时间: Mon May 20 14:56:34 2019

全部处理时间: 00:00:00.


模型的处理信息 PRT0770_4_1_1_1:

处理完成时间: Mon May 20 14:56:34 2019

全部处理时间: 00:00:00.


模型的处理信息 PRT0771_4_1_1_1:

处理完成时间: Mon May 20 14:56:34 2019

全部处理时间: 00:00:00.


模型的处理信息 PRT0772_4_1_1_1:

处理完成时间: Mon May 20 14:56:34 2019

全部处理时间: 00:00:00.


模型的处理信息 PRT0773_4_1_1_1:

处理完成时间: Mon May 20 14:56:34 2019

全部处理时间: 00:00:00.


模型的处理信息 PRT0775_4_1_1_1:

处理完成时间: Mon May 20 14:56:34 2019

全部处理时间: 00:00:00.


模型的处理信息 000-SIM_ASM_3_ASM_1_ASM:

处理完成时间: Mon May 20 14:56:34 2019

全部处理时间: 00:00:00.


模型的处理信息 SIM-PCB_6_1:

处理完成时间: Mon May 20 14:56:34 2019

全部处理时间: 00:00:00.


模型的处理信息 TS0PL-130020-01G_ASM_1_ASM_1_AS:

处理完成时间: Mon May 20 14:56:34 2019

全部处理时间: 00:00:00.


模型的处理信息 CUSTOMER-MODEL-2_ASM_1_ASM_1_AS:

处理完成时间: Mon May 20 14:56:35 2019

全部处理时间: 00:00:01.


模型的处理信息 TRAY_CARD_ASSY_2_1_ASM_1_ASM_1_:

处理完成时间: Mon May 20 14:56:35 2019

全部处理时间: 00:00:00.


模型的处理信息 TRAY-ASSY_ASM_1_ASM_1_ASM_1_ASM:

处理完成时间: Mon May 20 14:56:35 2019

全部处理时间: 00:00:00.


模型的处理信息 TRAY_1_1_1_1:

处理完成时间: Mon May 20 14:56:36 2019

全部处理时间: 00:00:01.


模型的处理信息 CARD-ASSY_ASM_1_ASM_1_ASM_1_ASM:

处理完成时间: Mon May 20 14:56:36 2019

全部处理时间: 00:00:00.


模型的处理信息 NANO_SIM_CARD_ASM_1_ASM_1_ASM_1:

处理完成时间: Mon May 20 14:56:36 2019

全部处理时间: 00:00:00.


模型的处理信息 P1_1_1_1_1:

处理完成时间: Mon May 20 14:56:36 2019

全部处理时间: 00:00:00.


模型的处理信息 MICRO_SD_CARD_1_1_1_1:

处理完成时间: Mon May 20 14:56:36 2019

全部处理时间: 00:00:00.


模型的处理信息 PCB_1_1_1_1_1_1_1_1:

处理完成时间: Mon May 20 14:56:37 2019

全部处理时间: 00:00:00.


模型的处理信息 SHELL-2_1_1_1_1:

处理完成时间: Mon May 20 14:56:38 2019

全部处理时间: 00:00:01.


模型的处理信息 NANO-SIM-BLOCK_1_1_1_1:

处理完成时间: Mon May 20 14:56:40 2019

全部处理时间: 00:00:01.


模型的处理信息 NANO-SIM-BLOCK_1_1_1_1_1:

处理完成时间: Mon May 20 14:56:41 2019

全部处理时间: 00:00:01.


模型的处理信息 MICRO-SD-BLOCK_1_1_1_1:

处理完成时间: Mon May 20 14:56:42 2019

全部处理时间: 00:00:01.


模型的处理信息 X980_6797_V1_20180703-PCBA_ASM_:

处理完成时间: Mon May 20 14:56:42 2019

全部处理时间: 00:00:00.


模型的处理信息 X980_6797_V1_20180703-1_ASM_ASM:

处理完成时间: Mon May 20 14:56:42 2019

全部处理时间: 00:00:00.


模型的处理信息 C0603_1_1_1:

处理完成时间: Mon May 20 14:56:42 2019

全部处理时间: 00:00:00.


模型的处理信息 NEW_C0201_1_1_1:

处理完成时间: Mon May 20 14:56:42 2019

全部处理时间: 00:00:00.


模型的处理信息 R0201_1_1_1:

处理完成时间: Mon May 20 14:56:42 2019

全部处理时间: 00:00:00.


模型的处理信息 B0603_1_1_1:

处理完成时间: Mon May 20 14:56:42 2019

全部处理时间: 00:00:00.


模型的处理信息 C0201_1_1_1:

处理完成时间: Mon May 20 14:56:42 2019

全部处理时间: 00:00:00.


模型的处理信息 R0402_1_1_1:

处理完成时间: Mon May 20 14:56:42 2019

全部处理时间: 00:00:00.


模型的处理信息 L0402_1_1_1:

处理完成时间: Mon May 20 14:56:42 2019

全部处理时间: 00:00:00.


模型的处理信息 L0603_1_1_1:

处理完成时间: Mon May 20 14:56:42 2019

全部处理时间: 00:00:00.


模型的处理信息 C0402_1_1_1:

处理完成时间: Mon May 20 14:56:42 2019

全部处理时间: 00:00:00.


模型的处理信息 R0603_1_1_1:

处理完成时间: Mon May 20 14:56:42 2019

全部处理时间: 00:00:00.


模型的处理信息 PRT0001_1_1:

处理完成时间: Mon May 20 14:56:42 2019

全部处理时间: 00:00:00.


模型的处理信息 NC_MMD_4MIL_1_1_1:

处理完成时间: Mon May 20 14:56:42 2019

全部处理时间: 00:00:00.


模型的处理信息 WLCSP20_P0_4_B0_2_FAN53555_1_1_:

处理完成时间: Mon May 20 14:56:42 2019

全部处理时间: 00:00:00.


模型的处理信息 NPN_W_RES_SOT323_A_1_1_1:

处理完成时间: Mon May 20 14:56:43 2019

全部处理时间: 00:00:01.


模型的处理信息 TP50MIL_1_1_1:

处理完成时间: Mon May 20 14:56:43 2019

全部处理时间: 00:00:00.


模型的处理信息 U_AW3632_1_1_1:

处理完成时间: Mon May 20 14:56:43 2019

全部处理时间: 00:00:00.


模型的处理信息 MT6605_MQFN32_SMD_P0_4_4X4_S_1_:

处理完成时间: Mon May 20 14:56:43 2019

全部处理时间: 00:00:00.


模型的处理信息 CRYS_SMD_FA-128_1_1_1:

处理完成时间: Mon May 20 14:56:43 2019

全部处理时间: 00:00:00.


模型的处理信息 TP50MILR_1_1_1:

处理完成时间: Mon May 20 14:56:43 2019

全部处理时间: 00:00:00.


模型的处理信息 TP50MILT_1_1_1:

处理完成时间: Mon May 20 14:56:43 2019

全部处理时间: 00:00:00.


模型的处理信息 SOD-323_1_1_1:

处理完成时间: Mon May 20 14:56:43 2019

全部处理时间: 00:00:00.


模型的处理信息 SGM4553_1_1_1:

处理完成时间: Mon May 20 14:56:43 2019

全部处理时间: 00:00:00.


模型的处理信息 Q___SSM3K35MFV_1_1_1:

处理完成时间: Mon May 20 14:56:43 2019

全部处理时间: 00:00:00.


模型的处理信息 SOT23_1_1_1:

处理完成时间: Mon May 20 14:56:43 2019

全部处理时间: 00:00:00.


模型的处理信息 SOD323_1_1_1:

处理完成时间: Mon May 20 14:56:43 2019

全部处理时间: 00:00:00.


模型的处理信息 R_0805_1_1_1:

处理完成时间: Mon May 20 14:56:43 2019

全部处理时间: 00:00:00.


模型的处理信息 NC_MMD_L10_4MILA_1_1_1:

处理完成时间: Mon May 20 14:56:43 2019

全部处理时间: 00:00:00.


模型的处理信息 R1206_1_1_1:

处理完成时间: Mon May 20 14:56:43 2019

全部处理时间: 00:00:00.


模型的处理信息 TCS1320_1_1_1:

处理完成时间: Mon May 20 14:56:44 2019

全部处理时间: 00:00:00.


模型的处理信息 HAL248_23_3_1_1_1:

处理完成时间: Mon May 20 14:56:44 2019

全部处理时间: 00:00:00.


模型的处理信息 SOD523_1_1_1:

处理完成时间: Mon May 20 14:56:44 2019

全部处理时间: 00:00:00.


模型的处理信息 L0201_1_1_1:

处理完成时间: Mon May 20 14:56:44 2019

全部处理时间: 00:00:00.


模型的处理信息 SKY77643_1_1_1:

处理完成时间: Mon May 20 14:56:44 2019

全部处理时间: 00:00:00.


模型的处理信息 6326A1MT_1005_1_1_1:

处理完成时间: Mon May 20 14:56:44 2019

全部处理时间: 00:00:00.


模型的处理信息 PRT0002_1_1:

处理完成时间: Mon May 20 14:56:44 2019

全部处理时间: 00:00:00.


模型的处理信息 SOT23-5_1_1_1:

处理完成时间: Mon May 20 14:56:44 2019

全部处理时间: 00:00:00.


模型的处理信息 RF-TXM-SKY77910-QFN-38L_1_1_1:

处理完成时间: Mon May 20 14:56:44 2019

全部处理时间: 00:00:00.


模型的处理信息 L_IND_SMD_2520_1_1_1:

处理完成时间: Mon May 20 14:56:44 2019

全部处理时间: 00:00:00.


模型的处理信息 PRT0003_1_1:

处理完成时间: Mon May 20 14:56:44 2019

全部处理时间: 00:00:00.


模型的处理信息 RES-RF-0603_1_1_1:

处理完成时间: Mon May 20 14:56:45 2019

全部处理时间: 00:00:01.


模型的处理信息 ANTENNA_K907-PADA_1_1_1:

处理完成时间: Mon May 20 14:56:45 2019

全部处理时间: 00:00:00.


模型的处理信息 TP50MILFA_1_1:

处理完成时间: Mon May 20 14:56:45 2019

全部处理时间: 00:00:00.


模型的处理信息 TP50MILGA_1_1:

处理完成时间: Mon May 20 14:56:45 2019

全部处理时间: 00:00:00.


模型的处理信息 1814_1_1_1:

处理完成时间: Mon May 20 14:56:45 2019

全部处理时间: 00:00:00.


模型的处理信息 NC_MMD_L8_4MILF_1_1_1:

处理完成时间: Mon May 20 14:56:45 2019

全部处理时间: 00:00:00.


模型的处理信息 L_IND_SMD_VLS201610E_1_1_1:

处理完成时间: Mon May 20 14:56:45 2019

全部处理时间: 00:00:00.


模型的处理信息 SOT-26_1_1_1:

处理完成时间: Mon May 20 14:56:45 2019

全部处理时间: 00:00:00.


模型的处理信息 L3030_1_1_1:

处理完成时间: Mon May 20 14:56:45 2019

全部处理时间: 00:00:00.


模型的处理信息 FD_1_1_1:

处理完成时间: Mon May 20 14:56:45 2019

全部处理时间: 00:00:00.


模型的处理信息 NC_MMD_L7_4MILAAA_1_1_1:

处理完成时间: Mon May 20 14:56:45 2019

全部处理时间: 00:00:00.


模型的处理信息 TP_1_0MM_1_1_1:

处理完成时间: Mon May 20 14:56:45 2019

全部处理时间: 00:00:00.


模型的处理信息 NC_MMD_L8_4MILD_1_1_1:

处理完成时间: Mon May 20 14:56:45 2019

全部处理时间: 00:00:00.


模型的处理信息 TP50MILBA_1_1_1:

处理完成时间: Mon May 20 14:56:45 2019

全部处理时间: 00:00:00.


模型的处理信息 TP50MILU_1_1_1:

处理完成时间: Mon May 20 14:56:45 2019

全部处理时间: 00:00:00.


模型的处理信息 TP50MILC_1_1_1:

处理完成时间: Mon May 20 14:56:45 2019

全部处理时间: 00:00:00.


模型的处理信息 TP50MILD_1_1_1:

处理完成时间: Mon May 20 14:56:45 2019

全部处理时间: 00:00:00.


模型的处理信息 NC_MMD_L8_4MILE_1_1_1:

处理完成时间: Mon May 20 14:56:45 2019

全部处理时间: 00:00:00.


模型的处理信息 NC_MMD_L1_4MIL_1_1_1:

处理完成时间: Mon May 20 14:56:45 2019

全部处理时间: 00:00:00.


模型的处理信息 ACPF-7124_1_1_1:

处理完成时间: Mon May 20 14:56:46 2019

全部处理时间: 00:00:00.


模型的处理信息 PZ5D4V2H_1_1_1:

处理完成时间: Mon May 20 14:56:46 2019

全部处理时间: 00:00:00.


模型的处理信息 BL1608-05K2450_0_1_1_1:

处理完成时间: Mon May 20 14:56:46 2019

全部处理时间: 00:00:00.


模型的处理信息 WSQFN40_SMD_P0_4_5X5_MT6631_1_1:

处理完成时间: Mon May 20 14:56:46 2019

全部处理时间: 00:00:00.


模型的处理信息 MXDLN16G_1_1_1:

处理完成时间: Mon May 20 14:56:46 2019

全部处理时间: 00:00:00.


模型的处理信息 R0805_1_1_1:

处理完成时间: Mon May 20 14:56:46 2019

全部处理时间: 00:00:00.


模型的处理信息 WCSP20_P0_4_B0_25_BQ24158_1_1_1:

处理完成时间: Mon May 20 14:56:46 2019

全部处理时间: 00:00:00.


模型的处理信息 RF-SAW-1_35X1_05_1_1_1:

处理完成时间: Mon May 20 14:56:46 2019

全部处理时间: 00:00:00.


模型的处理信息 TCXO_2520_1_1_1:

处理完成时间: Mon May 20 14:56:46 2019

全部处理时间: 00:00:00.


模型的处理信息 WLCSP20_P0_4_B0_215_FAN49101_1_:

处理完成时间: Mon May 20 14:56:46 2019

全部处理时间: 00:00:00.


模型的处理信息 C0805_1_1_1:

处理完成时间: Mon May 20 14:56:46 2019

全部处理时间: 00:00:00.


模型的处理信息 MC-146_1_1_1:

处理完成时间: Mon May 20 14:56:46 2019

全部处理时间: 00:00:00.


模型的处理信息 KT2520F_1_1_1:

处理完成时间: Mon May 20 14:56:47 2019

全部处理时间: 00:00:00.


模型的处理信息 POWER-DC2DC-SGM3140_1_1_1:

处理完成时间: Mon May 20 14:56:47 2019

全部处理时间: 00:00:00.


模型的处理信息 NPN_SOT523_2SC5585_1_1_1:

处理完成时间: Mon May 20 14:56:47 2019

全部处理时间: 00:00:00.


模型的处理信息 PRT0004_1_1:

处理完成时间: Mon May 20 14:56:47 2019

全部处理时间: 00:00:00.


模型的处理信息 SAWEN1G90PA1F0A_1814_1_1_1:

处理完成时间: Mon May 20 14:56:47 2019

全部处理时间: 00:00:00.


模型的处理信息 SAYEY1G88BA0B0A_1_1_1:

处理完成时间: Mon May 20 14:56:47 2019

全部处理时间: 00:00:00.


模型的处理信息 SAW___SAWFD1G84AA0F0A_1_1_1_1:

处理完成时间: Mon May 20 14:56:47 2019

全部处理时间: 00:00:00.


模型的处理信息 PRT0005_1_1:

处理完成时间: Mon May 20 14:56:47 2019

全部处理时间: 00:00:00.


模型的处理信息 DIPX___DPX202700DT-4162A1_1_1_1:

处理完成时间: Mon May 20 14:56:47 2019

全部处理时间: 00:00:00.


模型的处理信息 SKY13418_1_1_1:

处理完成时间: Mon May 20 14:56:47 2019

全部处理时间: 00:00:00.


模型的处理信息 RES-RF-0603A_1_1_1:

处理完成时间: Mon May 20 14:56:48 2019

全部处理时间: 00:00:01.


模型的处理信息 PRT0006_1_1:

处理完成时间: Mon May 20 14:56:48 2019

全部处理时间: 00:00:00.


模型的处理信息 MT6351_VFBGA199_P0_4_B0_25_7X7_:

处理完成时间: Mon May 20 14:56:48 2019

全部处理时间: 00:00:00.


模型的处理信息 PRT0007_1_1:

处理完成时间: Mon May 20 14:56:48 2019

全部处理时间: 00:00:00.


模型的处理信息 NC_MMD_L9_4MILG_1_1_1:

处理完成时间: Mon May 20 14:56:48 2019

全部处理时间: 00:00:00.


模型的处理信息 NC_MMD_L7_4MILBA_1_1_1:

处理完成时间: Mon May 20 14:56:48 2019

全部处理时间: 00:00:00.


模型的处理信息 NC_MMD_L8_4MILB_1_1_1:

处理完成时间: Mon May 20 14:56:48 2019

全部处理时间: 00:00:00.


模型的处理信息 NC_MMD_L8_4MILBA_1_1_1:

处理完成时间: Mon May 20 14:56:48 2019

全部处理时间: 00:00:00.


模型的处理信息 NC_MMD_L9_4MILD_1_1_1:

处理完成时间: Mon May 20 14:56:48 2019

全部处理时间: 00:00:00.


模型的处理信息 NC_MMD_L9_4MILC_1_1_1:

处理完成时间: Mon May 20 14:56:48 2019

全部处理时间: 00:00:00.


模型的处理信息 NC_MMD_L9_4MILE_1_1_1:

处理完成时间: Mon May 20 14:56:48 2019

全部处理时间: 00:00:00.


模型的处理信息 NC_MMD_L9_4MILF_1_1_1:

处理完成时间: Mon May 20 14:56:48 2019

全部处理时间: 00:00:00.


模型的处理信息 NC_MMD_L9_4MILB_1_1_1:

处理完成时间: Mon May 20 14:56:48 2019

全部处理时间: 00:00:00.


模型的处理信息 NC_MMD_L9_4MILA_1_1_1:

处理完成时间: Mon May 20 14:56:48 2019

全部处理时间: 00:00:00.


模型的处理信息 NC_MMD_L8_4MILA_1_1_1:

处理完成时间: Mon May 20 14:56:48 2019

全部处理时间: 00:00:00.


模型的处理信息 NC_MMD_L9_4MILH_1_1_1:

处理完成时间: Mon May 20 14:56:48 2019

全部处理时间: 00:00:00.


模型的处理信息 NC_MMD_L8_4MILFAA_1_1_1:

处理完成时间: Mon May 20 14:56:48 2019

全部处理时间: 00:00:00.


模型的处理信息 TP50MILK_1_1_1:

处理完成时间: Mon May 20 14:56:48 2019

全部处理时间: 00:00:00.


模型的处理信息 TP50MILL_1_1_1:

处理完成时间: Mon May 20 14:56:48 2019

全部处理时间: 00:00:00.


模型的处理信息 TP50MILM_1_1_1:

处理完成时间: Mon May 20 14:56:48 2019

全部处理时间: 00:00:00.


模型的处理信息 TP50MILQ_1_1:

处理完成时间: Mon May 20 14:56:48 2019

全部处理时间: 00:00:00.


模型的处理信息 TP50MILS_1_1_1:

处理完成时间: Mon May 20 14:56:48 2019

全部处理时间: 00:00:00.


模型的处理信息 TP50MILP_1_1_1:

处理完成时间: Mon May 20 14:56:48 2019

全部处理时间: 00:00:00.


模型的处理信息 TP50MILO_1_1:

处理完成时间: Mon May 20 14:56:48 2019

全部处理时间: 00:00:00.


模型的处理信息 TP50MILN_1_1_1:

处理完成时间: Mon May 20 14:56:48 2019

全部处理时间: 00:00:00.


模型的处理信息 TP50MILI_1_1_1:

处理完成时间: Mon May 20 14:56:48 2019

全部处理时间: 00:00:00.


模型的处理信息 TP50MILH_1_1_1:

处理完成时间: Mon May 20 14:56:48 2019

全部处理时间: 00:00:00.


模型的处理信息 TP50MILJ_1_1_1:

处理完成时间: Mon May 20 14:56:48 2019

全部处理时间: 00:00:00.


模型的处理信息 AW8155_1_1_1:

处理完成时间: Mon May 20 14:56:48 2019

全部处理时间: 00:00:00.


模型的处理信息 SHIELD-_1_1:

处理完成时间: Mon May 20 14:56:49 2019

全部处理时间: 00:00:01.


模型的处理信息 SHIELD-1_3_1:

处理完成时间: Mon May 20 14:56:49 2019

全部处理时间: 00:00:00.


模型的处理信息 SHIELD-3_2_1:

处理完成时间: Mon May 20 14:56:49 2019

全部处理时间: 00:00:00.


模型的处理信息 _XNT08-HDMID19-005_1:

处理完成时间: Mon May 20 14:56:49 2019

全部处理时间: 00:00:00.


模型的处理信息 CM288-2016-8-8_ASM_1_ASM:

处理完成时间: Mon May 20 14:56:50 2019

全部处理时间: 00:00:00.


模型的处理信息 MANIFOLD_SOLID_BREP_396_1:

处理完成时间: Mon May 20 14:56:50 2019

全部处理时间: 00:00:00.


模型的处理信息 PRT0001_4_1:

处理完成时间: Mon May 20 14:56:51 2019

全部处理时间: 00:00:01.


模型的处理信息 CAM_ASM_ASM_6_ASM:

处理完成时间: Mon May 20 14:56:51 2019

全部处理时间: 00:00:00.


模型的处理信息 CAM_ASM_1_ASM_2_ASM:

处理完成时间: Mon May 20 14:56:51 2019

全部处理时间: 00:00:00.


模型的处理信息 CAM-H_1_1:

处理完成时间: Mon May 20 14:56:51 2019

全部处理时间: 00:00:00.


模型的处理信息 CAM-Q_1_11_ASM:

处理完成时间: Mon May 20 14:56:51 2019

全部处理时间: 00:00:00.


模型的处理信息 MANIFOLD_SOLID_BREP_1018215:

处理完成时间: Mon May 20 14:56:51 2019

全部处理时间: 00:00:00.


模型的处理信息 MANIFOLD_SOLID_BREP_1019440:

处理完成时间: Mon May 20 14:56:51 2019

全部处理时间: 00:00:00.


模型的处理信息 X20L-J10-FPCAJ_1:

处理完成时间: Mon May 20 14:56:51 2019

全部处理时间: 00:00:00.


模型的处理信息 GG_1__1_4:

处理完成时间: Mon May 20 14:56:51 2019

全部处理时间: 00:00:00.


模型的处理信息 LB-SPK_3:

处理完成时间: Mon May 20 14:56:51 2019

全部处理时间: 00:00:00.


模型的处理信息 MADA_ASM_1_ASM_1_ASM_1_ASM_1_AS:

处理完成时间: Mon May 20 14:56:51 2019

全部处理时间: 00:00:00.


模型的处理信息 MANIFOLD_SOLID_BREP_1032631_1_1:

处理完成时间: Mon May 20 14:56:51 2019

全部处理时间: 00:00:00.


模型的处理信息 MANIFOLD_SOLID_BREP_1033101_1_1:

处理完成时间: Mon May 20 14:56:51 2019

全部处理时间: 00:00:00.


模型的处理信息 MITOU_ASM_1_ASM_1_ASM_1_ASM_3_A:

处理完成时间: Mon May 20 14:56:51 2019

全部处理时间: 00:00:00.


模型的处理信息 MIC-COVER-4015_1_3_7_5_1_1_1_1_:

处理完成时间: Mon May 20 14:56:52 2019

全部处理时间: 00:00:01.


模型的处理信息 A900-MIC-4015_1_3_7_8_1_1_1_1_1:

处理完成时间: Mon May 20 14:56:52 2019

全部处理时间: 00:00:00.


模型的处理信息 0-DC_ASM_1_ASM_1_ASM:

处理完成时间: Mon May 20 14:56:52 2019

全部处理时间: 00:00:00.


模型的处理信息 DC-056A_1_1:

处理完成时间: Mon May 20 14:56:52 2019

全部处理时间: 00:00:00.


模型的处理信息 DCZ_1_1:

处理完成时间: Mon May 20 14:56:52 2019

全部处理时间: 00:00:00.


模型的处理信息 0-PCB-DC_1_1:

处理完成时间: Mon May 20 14:56:52 2019

全部处理时间: 00:00:00.
